mode: set
github.com/davecgh/go-spew/spew/spew.go:32.58,34.2 1 1
github.com/davecgh/go-spew/spew/spew.go:44.63,46.2 1 1
github.com/davecgh/go-spew/spew/spew.go:56.79,58.2 1 1
github.com/davecgh/go-spew/spew/spew.go:67.65,69.2 1 1
github.com/davecgh/go-spew/spew/spew.go:79.49,81.2 1 1
github.com/davecgh/go-spew/spew/spew.go:91.65,93.2 1 1
github.com/davecgh/go-spew/spew/spew.go:103.51,105.2 1 1
github.com/davecgh/go-spew/spew/spew.go:114.38,116.2 1 1
github.com/davecgh/go-spew/spew/spew.go:125.54,127.2 1 1
github.com/davecgh/go-spew/spew/spew.go:136.40,138.2 1 1
github.com/davecgh/go-spew/spew/spew.go:142.65,144.31 2 1
github.com/davecgh/go-spew/spew/spew.go:147.2,147.19 1 1
github.com/davecgh/go-spew/spew/spew.go:144.31,146.3 1 1
github.com/davecgh/go-spew/spew/bypass.go:71.36,73.9 2 1
github.com/davecgh/go-spew/spew/bypass.go:76.2,76.21 1 1
github.com/davecgh/go-spew/spew/bypass.go:73.9,74.43 1 0
github.com/davecgh/go-spew/spew/bypass.go:80.40,82.2 1 1
github.com/davecgh/go-spew/spew/bypass.go:93.56,94.55 1 1
github.com/davecgh/go-spew/spew/bypass.go:97.2,100.10 4 1
github.com/davecgh/go-spew/spew/bypass.go:94.55,96.3 1 0
github.com/davecgh/go-spew/spew/bypass.go:105.13,107.9 2 1
github.com/davecgh/go-spew/spew/bypass.go:110.2,110.57 1 1
github.com/davecgh/go-spew/spew/bypass.go:113.2,139.28 13 1
github.com/davecgh/go-spew/spew/bypass.go:144.2,144.61 1 0
github.com/davecgh/go-spew/spew/bypass.go:107.9,108.43 1 0
github.com/davecgh/go-spew/spew/bypass.go:110.57,111.53 1 0
github.com/davecgh/go-spew/spew/bypass.go:139.28,140.43 1 1
github.com/davecgh/go-spew/spew/bypass.go:140.43,142.4 1 1
github.com/davecgh/go-spew/spew/common.go:72.47,73.34 1 1
github.com/davecgh/go-spew/spew/common.go:73.34,77.3 3 1
github.com/davecgh/go-spew/spew/common.go:85.82,92.23 1 1
github.com/davecgh/go-spew/spew/common.go:106.2,106.66 1 1
github.com/davecgh/go-spew/spew/common.go:109.2,109.17 1 1
github.com/davecgh/go-spew/spew/common.go:114.2,114.39 1 1
github.com/davecgh/go-spew/spew/common.go:140.2,140.14 1 1
github.com/davecgh/go-spew/spew/common.go:92.23,93.21 1 1
github.com/davecgh/go-spew/spew/common.go:97.3,97.28 1 1
github.com/davecgh/go-spew/spew/common.go:93.21,95.4 1 0
github.com/davecgh/go-spew/spew/common.go:106.66,108.3 1 1
github.com/davecgh/go-spew/spew/common.go:109.17,111.3 1 1
github.com/davecgh/go-spew/spew/common.go:115.13,117.26 2 1
github.com/davecgh/go-spew/spew/common.go:125.3,126.14 2 1
github.com/davecgh/go-spew/spew/common.go:128.20,130.26 2 1
github.com/davecgh/go-spew/spew/common.go:137.3,138.14 2 1
github.com/davecgh/go-spew/spew/common.go:117.26,123.4 5 1
github.com/davecgh/go-spew/spew/common.go:130.26,136.4 5 1
github.com/davecgh/go-spew/spew/common.go:144.39,145.9 1 1
github.com/davecgh/go-spew/spew/common.go:145.9,147.3 1 1
github.com/davecgh/go-spew/spew/common.go:147.8,149.3 1 1
github.com/davecgh/go-spew/spew/common.go:153.49,155.2 1 1
github.com/davecgh/go-spew/spew/common.go:158.51,160.2 1 1
github.com/davecgh/go-spew/spew/common.go:164.58,166.2 1 1
github.com/davecgh/go-spew/spew/common.go:170.66,175.12 5 1
github.com/davecgh/go-spew/spew/common.go:178.2,180.26 3 1
github.com/davecgh/go-spew/spew/common.go:175.12,177.3 1 1
github.com/davecgh/go-spew/spew/common.go:185.42,188.14 2 1
github.com/davecgh/go-spew/spew/common.go:194.2,199.18 4 1
github.com/davecgh/go-spew/spew/common.go:204.2,214.14 7 1
github.com/davecgh/go-spew/spew/common.go:188.14,191.3 2 1
github.com/davecgh/go-spew/spew/common.go:199.18,203.3 3 1
github.com/davecgh/go-spew/spew/common.go:228.78,230.40 2 1
github.com/davecgh/go-spew/spew/common.go:233.2,233.24 1 1
github.com/davecgh/go-spew/spew/common.go:244.2,244.38 1 1
github.com/davecgh/go-spew/spew/common.go:250.2,250.11 1 1
github.com/davecgh/go-spew/spew/common.go:230.40,232.3 1 1
github.com/davecgh/go-spew/spew/common.go:233.24,235.28 2 1
github.com/davecgh/go-spew/spew/common.go:235.28,237.44 2 1
github.com/davecgh/go-spew/spew/common.go:241.4,241.30 1 1
github.com/davecgh/go-spew/spew/common.go:237.44,239.10 2 1
github.com/davecgh/go-spew/spew/common.go:244.38,246.28 2 1
github.com/davecgh/go-spew/spew/common.go:246.28,248.4 1 1
github.com/davecgh/go-spew/spew/common.go:256.44,258.14 1 1
github.com/davecgh/go-spew/spew/common.go:274.2,274.14 1 1
github.com/davecgh/go-spew/spew/common.go:259.20,260.14 1 1
github.com/davecgh/go-spew/spew/common.go:261.78,262.14 1 1
github.com/davecgh/go-spew/spew/common.go:263.83,264.14 1 1
github.com/davecgh/go-spew/spew/common.go:265.40,266.14 1 1
github.com/davecgh/go-spew/spew/common.go:267.22,268.14 1 1
github.com/davecgh/go-spew/spew/common.go:269.23,270.14 1 1
github.com/davecgh/go-spew/spew/common.go:271.21,272.14 1 1
github.com/davecgh/go-spew/spew/common.go:279.34,281.2 1 1
github.com/davecgh/go-spew/spew/common.go:285.39,287.22 2 1
github.com/davecgh/go-spew/spew/common.go:287.22,289.3 1 1
github.com/davecgh/go-spew/spew/common.go:295.45,296.18 1 1
github.com/davecgh/go-spew/spew/common.go:321.2,321.32 1 1
github.com/davecgh/go-spew/spew/common.go:297.20,298.31 1 1
github.com/davecgh/go-spew/spew/common.go:299.78,300.27 1 1
github.com/davecgh/go-spew/spew/common.go:301.83,302.29 1 1
github.com/davecgh/go-spew/spew/common.go:303.40,304.31 1 1
github.com/davecgh/go-spew/spew/common.go:305.22,306.33 1 1
github.com/davecgh/go-spew/spew/common.go:307.23,308.29 1 1
github.com/davecgh/go-spew/spew/common.go:309.21,312.26 2 1
github.com/davecgh/go-spew/spew/common.go:312.26,315.40 3 1
github.com/davecgh/go-spew/spew/common.go:318.4,318.32 1 1
github.com/davecgh/go-spew/spew/common.go:315.40,316.13 1 1
github.com/davecgh/go-spew/spew/common.go:326.44,327.22 1 1
github.com/davecgh/go-spew/spew/common.go:330.2,330.36 1 1
github.com/davecgh/go-spew/spew/common.go:327.22,329.3 1 1
github.com/davecgh/go-spew/spew/common.go:336.58,337.22 1 1
github.com/davecgh/go-spew/spew/common.go:340.2,340.40 1 1
github.com/davecgh/go-spew/spew/common.go:337.22,339.3 1 1
github.com/davecgh/go-spew/spew/config.go:115.75,117.2 1 1
github.com/davecgh/go-spew/spew/config.go:127.80,129.2 1 1
github.com/davecgh/go-spew/spew/config.go:139.96,141.2 1 1
github.com/davecgh/go-spew/spew/config.go:150.82,152.2 1 1
github.com/davecgh/go-spew/spew/config.go:162.66,164.2 1 1
github.com/davecgh/go-spew/spew/config.go:174.82,176.2 1 1
github.com/davecgh/go-spew/spew/config.go:186.68,188.2 1 1
github.com/davecgh/go-spew/spew/config.go:197.55,199.2 1 1
github.com/davecgh/go-spew/spew/config.go:208.71,210.2 1 1
github.com/davecgh/go-spew/spew/config.go:219.57,221.2 1 1
github.com/davecgh/go-spew/spew/config.go:240.65,242.2 1 1
github.com/davecgh/go-spew/spew/config.go:246.60,248.2 1 1
github.com/davecgh/go-spew/spew/config.go:273.46,275.2 1 1
github.com/davecgh/go-spew/spew/config.go:279.54,283.2 3 1
github.com/davecgh/go-spew/spew/config.go:288.82,290.31 2 1
github.com/davecgh/go-spew/spew/config.go:293.2,293.19 1 1
github.com/davecgh/go-spew/spew/config.go:290.31,292.3 1 1
github.com/davecgh/go-spew/spew/config.go:304.38,306.2 1 1
github.com/davecgh/go-spew/spew/dump.go:62.30,63.24 1 1
github.com/davecgh/go-spew/spew/dump.go:67.2,67.55 1 1
github.com/davecgh/go-spew/spew/dump.go:63.24,66.3 2 1
github.com/davecgh/go-spew/spew/dump.go:73.64,74.49 1 1
github.com/davecgh/go-spew/spew/dump.go:77.2,77.10 1 1
github.com/davecgh/go-spew/spew/dump.go:74.49,76.3 1 1
github.com/davecgh/go-spew/spew/dump.go:81.46,84.35 1 1
github.com/davecgh/go-spew/spew/dump.go:91.2,100.31 6 1
github.com/davecgh/go-spew/spew/dump.go:126.2,132.60 5 1
github.com/davecgh/go-spew/spew/dump.go:144.2,145.9 2 1
github.com/davecgh/go-spew/spew/dump.go:156.2,156.28 1 1
github.com/davecgh/go-spew/spew/dump.go:84.35,85.23 1 1
github.com/davecgh/go-spew/spew/dump.go:85.23,87.4 1 1
github.com/davecgh/go-spew/spew/dump.go:100.31,101.17 1 1
github.com/davecgh/go-spew/spew/dump.go:105.3,108.53 4 1
github.com/davecgh/go-spew/spew/dump.go:113.3,116.37 3 1
github.com/davecgh/go-spew/spew/dump.go:101.17,103.9 2 1
github.com/davecgh/go-spew/spew/dump.go:108.53,111.9 3 1
github.com/davecgh/go-spew/spew/dump.go:116.37,117.18 1 1
github.com/davecgh/go-spew/spew/dump.go:121.4,121.18 1 1
github.com/davecgh/go-spew/spew/dump.go:117.18,119.10 2 1
github.com/davecgh/go-spew/spew/dump.go:132.60,134.37 2 1
github.com/davecgh/go-spew/spew/dump.go:140.3,140.29 1 1
github.com/davecgh/go-spew/spew/dump.go:134.37,135.13 1 1
github.com/davecgh/go-spew/spew/dump.go:138.4,138.26 1 1
github.com/davecgh/go-spew/spew/dump.go:135.13,137.5 1 1
github.com/davecgh/go-spew/spew/dump.go:146.16,147.27 1 1
github.com/davecgh/go-spew/spew/dump.go:149.18,150.27 1 1
github.com/davecgh/go-spew/spew/dump.go:152.10,154.13 2 1
github.com/davecgh/go-spew/spew/dump.go:161.48,169.20 5 1
github.com/davecgh/go-spew/spew/dump.go:227.2,227.15 1 1
github.com/davecgh/go-spew/spew/dump.go:237.2,237.34 1 1
github.com/davecgh/go-spew/spew/dump.go:169.20,172.10 3 1
github.com/davecgh/go-spew/spew/dump.go:214.3,214.47 1 1
github.com/davecgh/go-spew/spew/dump.go:174.33,175.15 1 0
github.com/davecgh/go-spew/spew/dump.go:176.41,177.15 1 0
github.com/davecgh/go-spew/spew/dump.go:178.39,179.20 1 0
github.com/davecgh/go-spew/spew/dump.go:183.35,192.43 2 1
github.com/davecgh/go-spew/spew/dump.go:195.4,195.23 1 1
github.com/davecgh/go-spew/spew/dump.go:210.4,210.20 1 0
github.com/davecgh/go-spew/spew/dump.go:192.43,194.5 1 1
github.com/davecgh/go-spew/spew/dump.go:195.23,201.41 3 1
github.com/davecgh/go-spew/spew/dump.go:201.41,204.11 3 1
github.com/davecgh/go-spew/spew/dump.go:214.47,218.36 2 0
github.com/davecgh/go-spew/spew/dump.go:222.4,222.20 1 0
github.com/davecgh/go-spew/spew/dump.go:218.36,221.5 2 0
github.com/davecgh/go-spew/spew/dump.go:227.15,234.3 6 1
github.com/davecgh/go-spew/spew/dump.go:237.34,239.27 2 1
github.com/davecgh/go-spew/spew/dump.go:239.27,241.4 1 1
github.com/davecgh/go-spew/spew/dump.go:241.9,243.4 1 1
github.com/davecgh/go-spew/spew/dump.go:251.43,254.29 2 1
github.com/davecgh/go-spew/spew/dump.go:260.2,260.25 1 1
github.com/davecgh/go-spew/spew/dump.go:267.2,267.23 1 1
github.com/davecgh/go-spew/spew/dump.go:274.2,279.18 3 1
github.com/davecgh/go-spew/spew/dump.go:285.2,285.63 1 1
github.com/davecgh/go-spew/spew/dump.go:304.2,304.26 1 1
github.com/davecgh/go-spew/spew/dump.go:312.2,312.14 1 1
github.com/davecgh/go-spew/spew/dump.go:254.29,257.3 2 1
github.com/davecgh/go-spew/spew/dump.go:260.25,264.3 3 1
github.com/davecgh/go-spew/spew/dump.go:267.23,273.3 5 1
github.com/davecgh/go-spew/spew/dump.go:280.50,281.40 1 1
github.com/davecgh/go-spew/spew/dump.go:282.35,283.21 1 1
github.com/davecgh/go-spew/spew/dump.go:285.63,287.20 2 1
github.com/davecgh/go-spew/spew/dump.go:291.3,291.47 1 1
github.com/davecgh/go-spew/spew/dump.go:298.3,299.24 2 1
github.com/davecgh/go-spew/spew/dump.go:287.20,290.4 2 1
github.com/davecgh/go-spew/spew/dump.go:291.47,292.21 1 1
github.com/davecgh/go-spew/spew/dump.go:295.4,296.38 2 1
github.com/davecgh/go-spew/spew/dump.go:292.21,294.5 1 1
github.com/davecgh/go-spew/spew/dump.go:304.26,305.63 1 1
github.com/davecgh/go-spew/spew/dump.go:305.63,306.55 1 1
github.com/davecgh/go-spew/spew/dump.go:306.55,308.5 1 1
github.com/davecgh/go-spew/spew/dump.go:313.23,313.23 0 0
github.com/davecgh/go-spew/spew/dump.go:317.20,318.27 1 1
github.com/davecgh/go-spew/spew/dump.go:320.78,321.29 1 1
github.com/davecgh/go-spew/spew/dump.go:323.83,324.31 1 1
github.com/davecgh/go-spew/spew/dump.go:326.23,327.33 1 1
github.com/davecgh/go-spew/spew/dump.go:329.23,330.33 1 1
github.com/davecgh/go-spew/spew/dump.go:332.25,333.37 1 1
github.com/davecgh/go-spew/spew/dump.go:335.26,336.37 1 1
github.com/davecgh/go-spew/spew/dump.go:338.21,339.16 1 1
github.com/davecgh/go-spew/spew/dump.go:343.3,343.14 1 1
github.com/davecgh/go-spew/spew/dump.go:345.21,348.56 3 1
github.com/davecgh/go-spew/spew/dump.go:354.3,356.29 3 1
github.com/davecgh/go-spew/spew/dump.go:358.22,359.47 1 1
github.com/davecgh/go-spew/spew/dump.go:361.25,364.16 1 1
github.com/davecgh/go-spew/spew/dump.go:368.19,368.19 0 0
github.com/davecgh/go-spew/spew/dump.go:372.19,374.16 1 1
github.com/davecgh/go-spew/spew/dump.go:379.3,381.56 3 1
github.com/davecgh/go-spew/spew/dump.go:402.3,404.29 3 1
github.com/davecgh/go-spew/spew/dump.go:406.22,409.56 3 1
github.com/davecgh/go-spew/spew/dump.go:429.3,431.29 3 1
github.com/davecgh/go-spew/spew/dump.go:433.23,434.38 1 1
github.com/davecgh/go-spew/spew/dump.go:436.57,437.32 1 1
github.com/davecgh/go-spew/spew/dump.go:442.10,443.23 1 1
github.com/davecgh/go-spew/spew/dump.go:339.16,341.9 2 1
github.com/davecgh/go-spew/spew/dump.go:348.56,351.4 2 1
github.com/davecgh/go-spew/spew/dump.go:351.9,353.4 1 1
github.com/davecgh/go-spew/spew/dump.go:364.16,366.4 1 1
github.com/davecgh/go-spew/spew/dump.go:374.16,376.9 2 1
github.com/davecgh/go-spew/spew/dump.go:381.56,384.4 2 1
github.com/davecgh/go-spew/spew/dump.go:384.9,387.21 3 1
github.com/davecgh/go-spew/spew/dump.go:390.4,390.29 1 1
github.com/davecgh/go-spew/spew/dump.go:387.21,389.5 1 1
github.com/davecgh/go-spew/spew/dump.go:390.29,395.29 5 1
github.com/davecgh/go-spew/spew/dump.go:395.29,397.6 1 1
github.com/davecgh/go-spew/spew/dump.go:397.11,399.6 1 1
github.com/davecgh/go-spew/spew/dump.go:409.56,412.4 2 1
github.com/davecgh/go-spew/spew/dump.go:412.9,415.35 3 1
github.com/davecgh/go-spew/spew/dump.go:415.35,422.28 7 1
github.com/davecgh/go-spew/spew/dump.go:422.28,424.6 1 1
github.com/davecgh/go-spew/spew/dump.go:424.11,426.6 1 1
github.com/davecgh/go-spew/spew/dump.go:443.23,445.4 1 1
github.com/davecgh/go-spew/spew/dump.go:445.9,447.4 1 1
github.com/davecgh/go-spew/spew/dump.go:453.60,454.24 1 1
github.com/davecgh/go-spew/spew/dump.go:454.24,455.17 1 1
github.com/davecgh/go-spew/spew/dump.go:463.3,466.26 4 1
github.com/davecgh/go-spew/spew/dump.go:455.17,460.12 5 1
github.com/davecgh/go-spew/spew/dump.go:472.43,474.2 1 1
github.com/davecgh/go-spew/spew/dump.go:478.37,482.2 3 1
github.com/davecgh/go-spew/spew/dump.go:507.29,509.2 1 1
github.com/davecgh/go-spew/spew/format.go:47.60,50.38 2 1
github.com/davecgh/go-spew/spew/format.go:56.2,59.15 3 1
github.com/davecgh/go-spew/spew/format.go:50.38,51.27 1 1
github.com/davecgh/go-spew/spew/format.go:51.27,53.4 1 1
github.com/davecgh/go-spew/spew/format.go:65.70,68.38 2 1
github.com/davecgh/go-spew/spew/format.go:74.2,74.35 1 1
github.com/davecgh/go-spew/spew/format.go:78.2,78.43 1 1
github.com/davecgh/go-spew/spew/format.go:83.2,86.15 3 1
github.com/davecgh/go-spew/spew/format.go:68.38,69.27 1 1
github.com/davecgh/go-spew/spew/format.go:69.27,71.4 1 1
github.com/davecgh/go-spew/spew/format.go:74.35,76.3 1 1
github.com/davecgh/go-spew/spew/format.go:78.43,81.3 2 1
github.com/davecgh/go-spew/spew/format.go:94.66,95.35 1 1
github.com/davecgh/go-spew/spew/format.go:101.2,101.10 1 1
github.com/davecgh/go-spew/spew/format.go:95.35,97.17 2 1
github.com/davecgh/go-spew/spew/format.go:97.17,99.4 1 1
github.com/davecgh/go-spew/spew/format.go:105.50,108.51 2 1
github.com/davecgh/go-spew/spew/format.go:115.2,115.35 1 1
github.com/davecgh/go-spew/spew/format.go:122.2,131.31 6 1
github.com/davecgh/go-spew/spew/format.go:157.2,157.36 1 1
github.com/davecgh/go-spew/spew/format.go:172.2,172.47 1 1
github.com/davecgh/go-spew/spew/format.go:184.2,184.9 1 1
github.com/davecgh/go-spew/spew/format.go:108.51,111.3 2 1
github.com/davecgh/go-spew/spew/format.go:115.35,116.23 1 1
github.com/davecgh/go-spew/spew/format.go:116.23,118.4 1 1
github.com/davecgh/go-spew/spew/format.go:131.31,132.17 1 1
github.com/davecgh/go-spew/spew/format.go:136.3,139.53 4 1
github.com/davecgh/go-spew/spew/format.go:144.3,147.37 3 1
github.com/davecgh/go-spew/spew/format.go:132.17,134.9 2 1
github.com/davecgh/go-spew/spew/format.go:139.53,142.9 3 1
github.com/davecgh/go-spew/spew/format.go:147.37,148.18 1 1
github.com/davecgh/go-spew/spew/format.go:152.4,152.18 1 1
github.com/davecgh/go-spew/spew/format.go:148.18,150.10 2 1
github.com/davecgh/go-spew/spew/format.go:157.36,162.3 4 1
github.com/davecgh/go-spew/spew/format.go:162.8,163.29 1 1
github.com/davecgh/go-spew/spew/format.go:166.3,168.30 3 1
github.com/davecgh/go-spew/spew/format.go:163.29,165.4 1 1
github.com/davecgh/go-spew/spew/format.go:172.47,174.37 2 1
github.com/davecgh/go-spew/spew/format.go:180.3,180.30 1 1
github.com/davecgh/go-spew/spew/format.go:174.37,175.13 1 1
github.com/davecgh/go-spew/spew/format.go:178.4,178.27 1 1
github.com/davecgh/go-spew/spew/format.go:175.13,177.5 1 1
github.com/davecgh/go-spew/spew/format.go:185.16,186.28 1 1
github.com/davecgh/go-spew/spew/format.go:188.18,189.33 1 1
github.com/davecgh/go-spew/spew/format.go:191.10,193.15 2 1
github.com/davecgh/go-spew/spew/format.go:201.47,204.29 2 1
github.com/davecgh/go-spew/spew/format.go:210.2,210.25 1 1
github.com/davecgh/go-spew/spew/format.go:216.2,216.41 1 1
github.com/davecgh/go-spew/spew/format.go:221.2,225.26 2 1
github.com/davecgh/go-spew/spew/format.go:233.2,233.14 1 1
github.com/davecgh/go-spew/spew/format.go:204.29,207.3 2 1
github.com/davecgh/go-spew/spew/format.go:210.25,213.3 2 1
github.com/davecgh/go-spew/spew/format.go:216.41,220.3 3 1
github.com/davecgh/go-spew/spew/format.go:225.26,226.63 1 1
github.com/davecgh/go-spew/spew/format.go:226.63,227.56 1 1
github.com/davecgh/go-spew/spew/format.go:227.56,229.5 1 1
github.com/davecgh/go-spew/spew/format.go:234.23,234.23 0 0
github.com/davecgh/go-spew/spew/format.go:238.20,239.28 1 1
github.com/davecgh/go-spew/spew/format.go:241.78,242.30 1 1
github.com/davecgh/go-spew/spew/format.go:244.83,245.32 1 1
github.com/davecgh/go-spew/spew/format.go:247.23,248.34 1 1
github.com/davecgh/go-spew/spew/format.go:250.23,251.34 1 1
github.com/davecgh/go-spew/spew/format.go:253.25,254.38 1 1
github.com/davecgh/go-spew/spew/format.go:256.26,257.38 1 1
github.com/davecgh/go-spew/spew/format.go:259.21,260.16 1 1
github.com/davecgh/go-spew/spew/format.go:264.3,264.14 1 1
github.com/davecgh/go-spew/spew/format.go:266.21,269.56 3 1
github.com/davecgh/go-spew/spew/format.go:281.3,282.32 2 1
github.com/davecgh/go-spew/spew/format.go:284.22,285.33 1 1
github.com/davecgh/go-spew/spew/format.go:287.25,290.16 1 1
github.com/davecgh/go-spew/spew/format.go:294.19,294.19 0 0
github.com/davecgh/go-spew/spew/format.go:298.19,300.16 1 1
github.com/davecgh/go-spew/spew/format.go:305.3,307.56 3 1
github.com/davecgh/go-spew/spew/format.go:325.3,326.28 2 1
github.com/davecgh/go-spew/spew/format.go:328.22,332.56 4 1
github.com/davecgh/go-spew/spew/format.go:348.3,349.30 2 1
github.com/davecgh/go-spew/spew/format.go:351.23,352.39 1 1
github.com/davecgh/go-spew/spew/format.go:354.57,355.33 1 1
github.com/davecgh/go-spew/spew/format.go:359.10,361.23 2 1
github.com/davecgh/go-spew/spew/format.go:260.16,262.9 2 1
github.com/davecgh/go-spew/spew/format.go:269.56,271.4 1 1
github.com/davecgh/go-spew/spew/format.go:271.9,273.36 2 1
github.com/davecgh/go-spew/spew/format.go:273.36,274.14 1 1
github.com/davecgh/go-spew/spew/format.go:277.5,278.40 2 1
github.com/davecgh/go-spew/spew/format.go:274.14,276.6 1 1
github.com/davecgh/go-spew/spew/format.go:290.16,292.4 1 1
github.com/davecgh/go-spew/spew/format.go:300.16,302.9 2 1
github.com/davecgh/go-spew/spew/format.go:307.56,309.4 1 1
github.com/davecgh/go-spew/spew/format.go:309.9,311.21 2 1
github.com/davecgh/go-spew/spew/format.go:314.4,314.29 1 1
github.com/davecgh/go-spew/spew/format.go:311.21,313.5 1 1
github.com/davecgh/go-spew/spew/format.go:314.29,315.14 1 1
github.com/davecgh/go-spew/spew/format.go:318.5,322.45 5 1
github.com/davecgh/go-spew/spew/format.go:315.14,317.6 1 1
github.com/davecgh/go-spew/spew/format.go:332.56,334.4 1 1
github.com/davecgh/go-spew/spew/format.go:334.9,336.35 2 1
github.com/davecgh/go-spew/spew/format.go:336.35,337.14 1 1
github.com/davecgh/go-spew/spew/format.go:340.5,341.41 2 1
github.com/davecgh/go-spew/spew/format.go:345.5,345.40 1 1
github.com/davecgh/go-spew/spew/format.go:337.14,339.6 1 1
github.com/davecgh/go-spew/spew/format.go:341.41,344.6 2 1
github.com/davecgh/go-spew/spew/format.go:361.23,363.4 1 1
github.com/davecgh/go-spew/spew/format.go:363.9,365.4 1 1
github.com/davecgh/go-spew/spew/format.go:371.55,375.17 2 1
github.com/davecgh/go-spew/spew/format.go:381.2,381.20 1 1
github.com/davecgh/go-spew/spew/format.go:389.2,389.36 1 1
github.com/davecgh/go-spew/spew/format.go:375.17,379.3 3 1
github.com/davecgh/go-spew/spew/format.go:381.20,382.19 1 1
github.com/davecgh/go-spew/spew/format.go:385.3,386.9 2 1
github.com/davecgh/go-spew/spew/format.go:382.19,384.4 1 1
github.com/davecgh/go-spew/spew/format.go:394.65,398.2 3 1
github.com/davecgh/go-spew/spew/format.go:417.48,419.2 1 1
